<?xml version="1.0" encoding="UTF-8"?>
<testsuite xmlns:xsi="http://www.w3.org/2001/XMLSchema-instance" xsi:noNamespaceSchemaLocation="https://maven.apache.org/surefire/maven-surefire-plugin/xsd/surefire-test-report.xsd" name="Login User" time="0.317" tests="1" errors="1" skipped="0" failures="0">
  <properties>
[...]
</properties>
  <testcase name="Check login is Successful with valid credentials" classname="Login User" time="0.317">
    <error message="Cannot invoke &quot;org.openqa.selenium.WebDriver.findElement(org.openqa.selenium.By)&quot; because &quot;Core.WebConnector.driver&quot; is null" type="java.lang.NullPointerException">java.lang.NullPointerException: Cannot invoke "org.openqa.selenium.WebDriver.findElement(org.openqa.selenium.By)" because "Core.WebConnector.driver" is null
</error>
    <system-out><![CDATA[?????????????????????????????????????????????????????????????????????????????????????
? Share your Cucumber Report with your team at https://reports.cucumber.io          ?
? Activate publishing with one of the following:                                    ?
?                                                                                   ?
? src/test/resources/cucumber.properties:          cucumber.publish.enabled=true    ?
? src/test/resources/junit-platform.properties:    cucumber.publish.enabled=true    ?
? Environment variable:                            CUCUMBER_PUBLISH_ENABLED=true    ?
? JUnit:                                           @CucumberOptions(publish = true) ?
?                                                                                   ?
? More information at https://cucumber.io/docs/cucumber/environment-variables/      ?
?                                                                                   ?
? Disable this message with one of the following:                                   ?
?                                                                                   ?
? src/test/resources/cucumber.properties:          cucumber.publish.quiet=true      ?
? src/test/resources/junit-platform.properties:    cucumber.publish.quiet=true      ?
?????????????????????????????????????????????????????????????????????????????????????
@login
Scenario Outline: Check login is Successful with valid credentials # src/test/resources/Login.feature:12
  Given user is in login Page                                      # StepDefinitions.LoginStep.user_is_in_login_page()
      java.lang.NullPointerException: Cannot invoke "org.openqa.selenium.WebDriver.findElement(org.openqa.selenium.By)" because "Core.WebConnector.driver" is null
	at Pages.LoginPage.clickSignIn(LoginPage.java:24)
	at StepDefinitions.LoginStep.user_is_in_login_page(LoginStep.java:18)
	at âœ½.user is in login Page(file:///F:/Java-Selenium-Cucumber-Flicker/src/test/resources/Login.feature:5)

  When user Enter "marazislam8@gmail.com" and "TestCase0101"       # StepDefinitions.LoginStep.user_enter_and(java.lang.String,java.lang.String)
  And click on login button                                        # StepDefinitions.LoginStep.click_on_login_button()
  Then Home page visible                                           # StepDefinitions.LoginStep.home_page_visible()
]]></system-out>
  </testcase>
</testsuite>