<?xml version="1.0" encoding="UTF-8"?>
<testsuite xmlns:xsi="http://www.w3.org/2001/XMLSchema-instance" xsi:noNamespaceSchemaLocation="https://maven.apache.org/surefire/maven-surefire-plugin/xsd/surefire-test-report.xsd" name="User Registration" time="0.298" tests="1" errors="1" skipped="0" failures="0">
  <properties>
[...]
</properties>
  <testcase name="user register Successfully with valid credentials" classname="User Registration" time="0.298">
    <error message="Cannot invoke &quot;org.openqa.selenium.WebDriver.findElement(org.openqa.selenium.By)&quot; because &quot;Core.WebConnector.driver&quot; is null" type="java.lang.NullPointerException">java.lang.NullPointerException: Cannot invoke "org.openqa.selenium.WebDriver.findElement(org.openqa.selenium.By)" because "Core.WebConnector.driver" is null
</error>
    <system-out><![CDATA[@registation
Scenario Outline: user register Successfully with valid credentials        # src/test/resources/Registration.feature:11
Sign up page is loading
  Given user is in sign up page                                            # StepDefinitions.RegisterTest.user_is_in_sign_up_page()
  When user fill "Maraz", "new","25", "maraz@gmail.com" and "TestCase0101" # StepDefinitions.RegisterTest.user_fill_and(java.lang.String,java.lang.String,java.lang.String,java.lang.String,java.lang.String)
      java.lang.NullPointerException: Cannot invoke "org.openqa.selenium.WebDriver.findElement(org.openqa.selenium.By)" because "Core.WebConnector.driver" is null
	at Pages.RegisterPage.setUserFirstName(RegisterPage.java:23)
	at StepDefinitions.RegisterTest.user_fill_and(RegisterTest.java:19)
	at âœ½.user fill "Maraz", "new","25", "maraz@gmail.com" and "TestCase0101"(file:///F:/Java-Selenium-Cucumber-Flicker/src/test/resources/Registration.feature:6)

  And click on sign up button                                              # StepDefinitions.RegisterTest.click_on_sign_up_button()
  Then Register successfully                                               # StepDefinitions.RegisterTest.register_successfully()
]]></system-out>
  </testcase>
</testsuite>