<?xml version="1.0" encoding="UTF-8"?>
<testsuite xmlns:xsi="http://www.w3.org/2001/XMLSchema-instance" xsi:noNamespaceSchemaLocation="https://maven.apache.org/surefire/maven-surefire-plugin/xsd/surefire-test-report.xsd" name="Upload Photo Share" time="0.324" tests="1" errors="1" skipped="0" failures="0">
  <properties>
[...]
</properties>
  <testcase name="User login and upload a photo" classname="Upload Photo Share" time="0.324">
    <error message="The step &apos;user input email &quot;marazislam8@gmail.com&quot;&apos; and 7 other step(s) are undefined.&#10;You can implement these steps using the snippet(s) below:&#10;&#10;@Given(&quot;user input email {string}&quot;)&#10;public void user_input_email(String string) {&#10;    // Write code here that turns the phrase above into concrete actions&#10;    throw new io.cucumber.java.PendingException();&#10;}&#10;@Given(&quot;user click on email&quot;)&#10;public void user_click_on_email() {&#10;    // Write code here that turns the phrase above into concrete actions&#10;    throw new io.cucumber.java.PendingException();&#10;}&#10;@When(&quot;user input password {string}&quot;)&#10;public void user_input_password(String string) {&#10;    // Write code here that turns the phrase above into concrete actions&#10;    throw new io.cucumber.java.PendingException();&#10;}&#10;@When(&quot;user click  login button&quot;)&#10;public void user_click_login_button() {&#10;    // Write code here that turns the phrase above into concrete actions&#10;    throw new io.cucumber.java.PendingException();&#10;}&#10;@When(&quot;user set a photo {string}&quot;)&#10;public void user_set_a_photo(String string) {&#10;    // Write code here that turns the phrase above into concrete actions&#10;    throw new io.cucumber.java.PendingException();&#10;}&#10;@When(&quot;user click on upload btn&quot;)&#10;public void user_click_on_upload_btn() {&#10;    // Write code here that turns the phrase above into concrete actions&#10;    throw new io.cucumber.java.PendingException();&#10;}&#10;@When(&quot;photo uploaded sucessfully&quot;)&#10;public void photo_uploaded_sucessfully() {&#10;    // Write code here that turns the phrase above into concrete actions&#10;    throw new io.cucumber.java.PendingException();&#10;}&#10;@Then(&quot;share a photo&quot;)&#10;public void share_a_photo() {&#10;    // Write code here that turns the phrase above into concrete actions&#10;    throw new io.cucumber.java.PendingException();&#10;}&#10;" type="io.cucumber.junit.UndefinedStepException">io.cucumber.junit.UndefinedStepException: 
The step 'user input email "marazislam8@gmail.com"' and 7 other step(s) are undefined.
You can implement these steps using the snippet(s) below:

@Given("user input email {string}")
public void user_input_email(String string) {
    // Write code here that turns the phrase above into concrete actions
    throw new io.cucumber.java.PendingException();
}
@Given("user click on email")
public void user_click_on_email() {
    // Write code here that turns the phrase above into concrete actions
    throw new io.cucumber.java.PendingException();
}
@When("user input password {string}")
public void user_input_password(String string) {
    // Write code here that turns the phrase above into concrete actions
    throw new io.cucumber.java.PendingException();
}
@When("user click  login button")
public void user_click_login_button() {
    // Write code here that turns the phrase above into concrete actions
    throw new io.cucumber.java.PendingException();
}
@When("user set a photo {string}")
public void user_set_a_photo(String string) {
    // Write code here that turns the phrase above into concrete actions
    throw new io.cucumber.java.PendingException();
}
@When("user click on upload btn")
public void user_click_on_upload_btn() {
    // Write code here that turns the phrase above into concrete actions
    throw new io.cucumber.java.PendingException();
}
@When("photo uploaded sucessfully")
public void photo_uploaded_sucessfully() {
    // Write code here that turns the phrase above into concrete actions
    throw new io.cucumber.java.PendingException();
}
@Then("share a photo")
public void share_a_photo() {
    // Write code here that turns the phrase above into concrete actions
    throw new io.cucumber.java.PendingException();
}

</error>
    <system-out><![CDATA[@photoShare
Scenario Outline: User login and upload a photo                                          # src/test/resources/photoShare.feature:17
  Given user input email "marazislam8@gmail.com"
  And user click on email
  When user input password "TestCase0101"
  And user click  login button
  And user set a photo "C:\Users\S.M.Mohaimanul Islam\Pictures\Saved Pictures/index.jpg"
  And user click on upload btn
  And photo uploaded sucessfully
  Then share a photo
]]></system-out>
  </testcase>
</testsuite>