-------------------------------------------------------------------------------
Test set: Upload Photo Share
-------------------------------------------------------------------------------
Tests run: 1, Failures: 0, Errors: 1, Skipped: 0, Time elapsed: 0.324 s <<< FAILURE! - in Upload Photo Share
User login and upload a photo(Upload Photo Share)  Time elapsed: 0.324 s  <<< ERROR!
io.cucumber.junit.UndefinedStepException: 
The step 'user input email "marazislam8@gmail.com"' and 7 other step(s) are undefined.
You can implement these steps using the snippet(s) below:

@Given("user input email {string}")
public void user_input_email(String string) {
    // Write code here that turns the phrase above into concrete actions
    throw new io.cucumber.java.PendingException();
}
@Given("user click on email")
public void user_click_on_email() {
    // Write code here that turns the phrase above into concrete actions
    throw new io.cucumber.java.PendingException();
}
@When("user input password {string}")
public void user_input_password(String string) {
    // Write code here that turns the phrase above into concrete actions
    throw new io.cucumber.java.PendingException();
}
@When("user click  login button")
public void user_click_login_button() {
    // Write code here that turns the phrase above into concrete actions
    throw new io.cucumber.java.PendingException();
}
@When("user set a photo {string}")
public void user_set_a_photo(String string) {
    // Write code here that turns the phrase above into concrete actions
    throw new io.cucumber.java.PendingException();
}
@When("user click on upload btn")
public void user_click_on_upload_btn() {
    // Write code here that turns the phrase above into concrete actions
    throw new io.cucumber.java.PendingException();
}
@When("photo uploaded sucessfully")
public void photo_uploaded_sucessfully() {
    // Write code here that turns the phrase above into concrete actions
    throw new io.cucumber.java.PendingException();
}
@Then("share a photo")
public void share_a_photo() {
    // Write code here that turns the phrase above into concrete actions
    throw new io.cucumber.java.PendingException();
}


